running egg_info
creating build/mypkg/mypkg.egg-info
writing build/mypkg/mypkg.egg-info/PKG-INFO
writing dependency_links to build/mypkg/mypkg.egg-info/dependency_links.txt
writing entry points to build/mypkg/mypkg.egg-info/entry_points.txt
writing requirements to build/mypkg/mypkg.egg-info/requires.txt
writing top-level names to build/mypkg/mypkg.egg-info/top_level.txt
writing manifest file 'build/mypkg/mypkg.egg-info/SOURCES.txt'
reading manifest file 'build/mypkg/mypkg.egg-info/SOURCES.txt'
adding license file 'LICENSE'
writing manifest file 'build/mypkg/mypkg.egg-info/SOURCES.txt'
running build
running build_py
creating /home/rei/ros2_ws/src/mypkg/build/mypkg/build
creating /home/rei/ros2_ws/src/mypkg/build/mypkg/build/lib
creating /home/rei/ros2_ws/src/mypkg/build/mypkg/build/lib/mypkg
copying mypkg/alphabet_node.py -> /home/rei/ros2_ws/src/mypkg/build/mypkg/build/lib/mypkg
copying mypkg/random_number_node.py -> /home/rei/ros2_ws/src/mypkg/build/mypkg/build/lib/mypkg
copying mypkg/__init__.py -> /home/rei/ros2_ws/src/mypkg/build/mypkg/build/lib/mypkg
running install
running install_lib
creating /home/rei/ros2_ws/src/mypkg/install/mypkg/lib/python3.12/site-packages/mypkg
copying /home/rei/ros2_ws/src/mypkg/build/mypkg/build/lib/mypkg/alphabet_node.py -> /home/rei/ros2_ws/src/mypkg/install/mypkg/lib/python3.12/site-packages/mypkg
copying /home/rei/ros2_ws/src/mypkg/build/mypkg/build/lib/mypkg/random_number_node.py -> /home/rei/ros2_ws/src/mypkg/install/mypkg/lib/python3.12/site-packages/mypkg
copying /home/rei/ros2_ws/src/mypkg/build/mypkg/build/lib/mypkg/__init__.py -> /home/rei/ros2_ws/src/mypkg/install/mypkg/lib/python3.12/site-packages/mypkg
byte-compiling /home/rei/ros2_ws/src/mypkg/install/mypkg/lib/python3.12/site-packages/mypkg/alphabet_node.py to alphabet_node.cpython-312.pyc
byte-compiling /home/rei/ros2_ws/src/mypkg/install/mypkg/lib/python3.12/site-packages/mypkg/random_number_node.py to random_number_node.cpython-312.pyc
byte-compiling /home/rei/ros2_ws/src/mypkg/install/mypkg/lib/python3.12/site-packages/mypkg/__init__.py to __init__.cpython-312.pyc
running install_data
creating /home/rei/ros2_ws/src/mypkg/install/mypkg/share/ament_index
creating /home/rei/ros2_ws/src/mypkg/install/mypkg/share/ament_index/resource_index
creating /home/rei/ros2_ws/src/mypkg/install/mypkg/share/ament_index/resource_index/packages
copying resource/mypkg -> /home/rei/ros2_ws/src/mypkg/install/mypkg/share/ament_index/resource_index/packages
copying package.xml -> /home/rei/ros2_ws/src/mypkg/install/mypkg/share/mypkg
creating /home/rei/ros2_ws/src/mypkg/install/mypkg/share/mypkg/launch
copying launch/random_to_alphabet.launch.py -> /home/rei/ros2_ws/src/mypkg/install/mypkg/share/mypkg/launch
running install_egg_info
Copying build/mypkg/mypkg.egg-info to /home/rei/ros2_ws/src/mypkg/install/mypkg/lib/python3.12/site-packages/mypkg-0.0.0-py3.12.egg-info
running install_scripts
Installing alphabet_node script to /home/rei/ros2_ws/src/mypkg/install/mypkg/lib/mypkg
Installing random_number_node script to /home/rei/ros2_ws/src/mypkg/install/mypkg/lib/mypkg
writing list of installed files to '/home/rei/ros2_ws/src/mypkg/build/mypkg/install.log'
