[0.756s] Invoking command in '/home/rei/ros2_ws/src/mypkg': CONDA_PROMPT_MODIFIER=(base) PYTHONPATH=/home/rei/ros2_ws/src/mypkg/build/mypkg/prefix_override:/usr/lib/python3/dist-packages/colcon_core/task/python/colcon_distutils_commands:/home/rei/ros2_ws/src/mypkg/install/mypkg/lib/python3.12/site-packages:${PYTHONPATH} /usr/bin/python3 -W ignore:setup.py install is deprecated -W ignore:easy_install command is deprecated setup.py egg_info --egg-base build/mypkg build --build-base /home/rei/ros2_ws/src/mypkg/build/mypkg/build install --record /home/rei/ros2_ws/src/mypkg/build/mypkg/install.log --single-version-externally-managed install_data
[0.897s] running egg_info
[0.897s] creating build/mypkg/mypkg.egg-info
[0.912s] writing build/mypkg/mypkg.egg-info/PKG-INFO
[0.912s] writing dependency_links to build/mypkg/mypkg.egg-info/dependency_links.txt
[0.912s] writing entry points to build/mypkg/mypkg.egg-info/entry_points.txt
[0.912s] writing requirements to build/mypkg/mypkg.egg-info/requires.txt
[0.913s] writing top-level names to build/mypkg/mypkg.egg-info/top_level.txt
[0.913s] writing manifest file 'build/mypkg/mypkg.egg-info/SOURCES.txt'
[0.932s] reading manifest file 'build/mypkg/mypkg.egg-info/SOURCES.txt'
[0.932s] adding license file 'LICENSE'
[0.932s] writing manifest file 'build/mypkg/mypkg.egg-info/SOURCES.txt'
[0.933s] running build
[0.933s] running build_py
[0.933s] creating /home/rei/ros2_ws/src/mypkg/build/mypkg/build
[0.933s] creating /home/rei/ros2_ws/src/mypkg/build/mypkg/build/lib
[0.933s] creating /home/rei/ros2_ws/src/mypkg/build/mypkg/build/lib/mypkg
[0.933s] copying mypkg/alphabet_node.py -> /home/rei/ros2_ws/src/mypkg/build/mypkg/build/lib/mypkg
[0.934s] copying mypkg/random_number_node.py -> /home/rei/ros2_ws/src/mypkg/build/mypkg/build/lib/mypkg
[0.934s] copying mypkg/__init__.py -> /home/rei/ros2_ws/src/mypkg/build/mypkg/build/lib/mypkg
[0.934s] running install
[0.938s] running install_lib
[0.947s] creating /home/rei/ros2_ws/src/mypkg/install/mypkg/lib/python3.12/site-packages/mypkg
[0.947s] copying /home/rei/ros2_ws/src/mypkg/build/mypkg/build/lib/mypkg/alphabet_node.py -> /home/rei/ros2_ws/src/mypkg/install/mypkg/lib/python3.12/site-packages/mypkg
[0.947s] copying /home/rei/ros2_ws/src/mypkg/build/mypkg/build/lib/mypkg/random_number_node.py -> /home/rei/ros2_ws/src/mypkg/install/mypkg/lib/python3.12/site-packages/mypkg
[0.947s] copying /home/rei/ros2_ws/src/mypkg/build/mypkg/build/lib/mypkg/__init__.py -> /home/rei/ros2_ws/src/mypkg/install/mypkg/lib/python3.12/site-packages/mypkg
[0.948s] byte-compiling /home/rei/ros2_ws/src/mypkg/install/mypkg/lib/python3.12/site-packages/mypkg/alphabet_node.py to alphabet_node.cpython-312.pyc
[0.949s] byte-compiling /home/rei/ros2_ws/src/mypkg/install/mypkg/lib/python3.12/site-packages/mypkg/random_number_node.py to random_number_node.cpython-312.pyc
[0.949s] byte-compiling /home/rei/ros2_ws/src/mypkg/install/mypkg/lib/python3.12/site-packages/mypkg/__init__.py to __init__.cpython-312.pyc
[0.949s] running install_data
[0.949s] creating /home/rei/ros2_ws/src/mypkg/install/mypkg/share/ament_index
[0.949s] creating /home/rei/ros2_ws/src/mypkg/install/mypkg/share/ament_index/resource_index
[0.950s] creating /home/rei/ros2_ws/src/mypkg/install/mypkg/share/ament_index/resource_index/packages
[0.950s] copying resource/mypkg -> /home/rei/ros2_ws/src/mypkg/install/mypkg/share/ament_index/resource_index/packages
[0.950s] copying package.xml -> /home/rei/ros2_ws/src/mypkg/install/mypkg/share/mypkg
[0.950s] creating /home/rei/ros2_ws/src/mypkg/install/mypkg/share/mypkg/launch
[0.950s] copying launch/random_to_alphabet.launch.py -> /home/rei/ros2_ws/src/mypkg/install/mypkg/share/mypkg/launch
[0.950s] running install_egg_info
[0.960s] Copying build/mypkg/mypkg.egg-info to /home/rei/ros2_ws/src/mypkg/install/mypkg/lib/python3.12/site-packages/mypkg-0.0.0-py3.12.egg-info
[0.961s] running install_scripts
[1.032s] Installing alphabet_node script to /home/rei/ros2_ws/src/mypkg/install/mypkg/lib/mypkg
[1.032s] Installing random_number_node script to /home/rei/ros2_ws/src/mypkg/install/mypkg/lib/mypkg
[1.032s] writing list of installed files to '/home/rei/ros2_ws/src/mypkg/build/mypkg/install.log'
[1.049s] Invoked command in '/home/rei/ros2_ws/src/mypkg' returned '0': CONDA_PROMPT_MODIFIER=(base) PYTHONPATH=/home/rei/ros2_ws/src/mypkg/build/mypkg/prefix_override:/usr/lib/python3/dist-packages/colcon_core/task/python/colcon_distutils_commands:/home/rei/ros2_ws/src/mypkg/install/mypkg/lib/python3.12/site-packages:${PYTHONPATH} /usr/bin/python3 -W ignore:setup.py install is deprecated -W ignore:easy_install command is deprecated setup.py egg_info --egg-base build/mypkg build --build-base /home/rei/ros2_ws/src/mypkg/build/mypkg/build install --record /home/rei/ros2_ws/src/mypkg/build/mypkg/install.log --single-version-externally-managed install_data
